0 info it worked if it ends with ok
1 verbose cli [ 'E:\\工作\\NodeJs\\node.exe',
1 verbose cli   'C:\\Users\\yk442_000\\AppData\\Roaming\\npm\\node_modules\\npm\\bin\\npm-cli.js',
1 verbose cli   'start' ]
2 info using npm@3.10.9
3 info using node@v6.2.0
4 verbose run-script [ 'prestart', 'start', 'poststart' ]
5 info lifecycle react1@1.0.0~prestart: react1@1.0.0
6 silly lifecycle react1@1.0.0~prestart: no script for prestart, continuing
7 info lifecycle react1@1.0.0~start: react1@1.0.0
8 verbose lifecycle react1@1.0.0~start: unsafe-perm in lifecycle true
9 verbose lifecycle react1@1.0.0~start: PATH: C:\Users\yk442_000\AppData\Roaming\npm\node_modules\npm\bin\node-gyp-bin;E:\工作\React\React1\node_modules\.bin;C:\Users\yk442_000\AppData\Roaming\npm;E:\工作\NodeJs\;E:\OracleClient;E:\OracleDB\product\11.2.0\dbhome_1\bin;C:\ProgramData\Oracle\Java\javapath;c:\Program Files (x86)\Intel\iCLS Client\;c:\Program Files\Intel\iCLS Client\;C:\Windows\system32;C:\Windows;C:\Windows\System32\Wbem;C:\Windows\System32\WindowsPowerShell\v1.0\;C:\Program Files\Intel\WiFi\bin\;C:\Program Files\Common Files\Intel\WirelessCommon\;C:\Program Files\Intel\Intel(R) Management Engine Components\DAL;C:\Program Files\Intel\Intel(R) Management Engine Components\IPT;C:\Program Files (x86)\Intel\Intel(R) Management Engine Components\DAL;C:\Program Files (x86)\Intel\Intel(R) Management Engine Components\IPT;C:\Program Files (x86)\Windows Live\Shared;C:\Program Files\Microsoft SQL Server\110\Tools\Binn\;C:\Program Files (x86)\Microsoft ASP.NET\ASP.NET Web Pages\v1.0\;C:\Program Files (x86)\Windows Kits\8.0\Windows Performance Toolkit\;C:\Program Files\Common Files\Autodesk Shared\;C:\Program Files (x86)\NVIDIA Corporation\PhysX\Common;C:\Program Files (x86)\Intel\OpenCL SDK\2.0\bin\x86;C:\Program Files (x86)\Intel\OpenCL SDK\2.0\bin\x64;C:\WINDOWS\system32;C:\WINDOWS;C:\WINDOWS\System32\Wbem;C:\WINDOWS\System32\WindowsPowerShell\v1.0\;C:\Program Files (x86)\QuickTime\QTSystem\;C:\Program Files (x86)\Skype\Phone\;C:\Program Files\Microsoft\Web Platform Installer\;C:\WINDOWS\system32\config\systemprofile\.dnx\bin;C:\Program Files\Microsoft DNX\Dnvm\;C:\Program Files\Microsoft SQL Server\130\Tools\Binn\;E:\工作\NodeJs\;C:\Users\yk442_000\Anaconda;C:\Users\yk442_000\Anaconda\Scripts;C:\Program Files (x86)\Microsoft VS Code\bin;C:\Users\yk442_000\AppData\Local\Microsoft\WindowsApps;C:\Users\yk442_000\AppData\Roaming\npm
10 verbose lifecycle react1@1.0.0~start: CWD: E:\工作\React\React1
11 silly lifecycle react1@1.0.0~start: Args: [ '/d /s /c', 'node js/server.js' ]
12 silly lifecycle react1@1.0.0~start: Returned: code: 3221225786  signal: null
13 info lifecycle react1@1.0.0~start: Failed to exec start script
14 verbose stack Error: react1@1.0.0 start: `node js/server.js`
14 verbose stack Exit status 3221225786
14 verbose stack     at EventEmitter.<anonymous> (C:\Users\yk442_000\AppData\Roaming\npm\node_modules\npm\lib\utils\lifecycle.js:255:16)
14 verbose stack     at emitTwo (events.js:106:13)
14 verbose stack     at EventEmitter.emit (events.js:191:7)
14 verbose stack     at ChildProcess.<anonymous> (C:\Users\yk442_000\AppData\Roaming\npm\node_modules\npm\lib\utils\spawn.js:40:14)
14 verbose stack     at emitTwo (events.js:106:13)
14 verbose stack     at ChildProcess.emit (events.js:191:7)
14 verbose stack     at maybeClose (internal/child_process.js:850:16)
14 verbose stack     at Process.ChildProcess._handle.onexit (internal/child_process.js:215:5)
15 verbose pkgid react1@1.0.0
16 verbose cwd E:\工作\React\React1
17 error Windows_NT 10.0.14393
18 error argv "E:\\工作\\NodeJs\\node.exe" "C:\\Users\\yk442_000\\AppData\\Roaming\\npm\\node_modules\\npm\\bin\\npm-cli.js" "start"
19 error node v6.2.0
20 error npm  v3.10.9
21 error code ELIFECYCLE
22 error react1@1.0.0 start: `node js/server.js`
22 error Exit status 3221225786
23 error Failed at the react1@1.0.0 start script 'node js/server.js'.
23 error Make sure you have the latest version of node.js and npm installed.
23 error If you do, this is most likely a problem with the react1 package,
23 error not with npm itself.
23 error Tell the author that this fails on your system:
23 error     node js/server.js
23 error You can get information on how to open an issue for this project with:
23 error     npm bugs react1
23 error Or if that isn't available, you can get their info via:
23 error     npm owner ls react1
23 error There is likely additional logging output above.
24 verbose exit [ 1, true ]
